{"/Users/angelostraight/Desktop/CS/CS484/group_project/assignment-2---final-project-repository-team1/config/passport.js": {"path":"/Users/angelostraight/Desktop/CS/CS484/group_project/assignment-2---final-project-repository-team1/config/passport.js","statementMap":{"0":{"start":{"line":1,"column":17},"end":{"line":1,"column":36}},"1":{"start":{"line":2,"column":22},"end":{"line":2,"column":56}},"2":{"start":{"line":4,"column":23},"end":{"line":4,"column":52}},"3":{"start":{"line":6,"column":15},"end":{"line":6,"column":32}},"4":{"start":{"line":8,"column":11},"end":{"line":10,"column":1}},"5":{"start":{"line":9,"column":4},"end":{"line":9,"column":34}},"6":{"start":{"line":12,"column":0},"end":{"line":12,"column":7}},"7":{"start":{"line":14,"column":0},"end":{"line":39,"column":1}},"8":{"start":{"line":16,"column":8},"end":{"line":37,"column":9}},"9":{"start":{"line":17,"column":12},"end":{"line":17,"column":49}},"10":{"start":{"line":18,"column":22},"end":{"line":18,"column":62}},"11":{"start":{"line":20,"column":23},"end":{"line":20,"column":52}},"12":{"start":{"line":21,"column":12},"end":{"line":24,"column":13}},"13":{"start":{"line":22,"column":16},"end":{"line":22,"column":72}},"14":{"start":{"line":23,"column":16},"end":{"line":23,"column":45}},"15":{"start":{"line":25,"column":28},"end":{"line":25,"column":73}},"16":{"start":{"line":27,"column":12},"end":{"line":33,"column":13}},"17":{"start":{"line":28,"column":16},"end":{"line":28,"column":44}},"18":{"start":{"line":31,"column":16},"end":{"line":31,"column":60}},"19":{"start":{"line":32,"column":16},"end":{"line":32,"column":45}},"20":{"start":{"line":36,"column":12},"end":{"line":36,"column":29}},"21":{"start":{"line":41,"column":0},"end":{"line":43,"column":3}},"22":{"start":{"line":42,"column":4},"end":{"line":42,"column":34}},"23":{"start":{"line":45,"column":0},"end":{"line":58,"column":3}},"24":{"start":{"line":47,"column":4},"end":{"line":57,"column":5}},"25":{"start":{"line":48,"column":18},"end":{"line":48,"column":58}},"26":{"start":{"line":49,"column":19},"end":{"line":49,"column":48}},"27":{"start":{"line":51,"column":8},"end":{"line":53,"column":9}},"28":{"start":{"line":52,"column":12},"end":{"line":52,"column":33}},"29":{"start":{"line":56,"column":8},"end":{"line":56,"column":29}},"30":{"start":{"line":60,"column":0},"end":{"line":66,"column":1}},"31":{"start":{"line":61,"column":4},"end":{"line":64,"column":5}},"32":{"start":{"line":63,"column":8},"end":{"line":63,"column":33}},"33":{"start":{"line":65,"column":4},"end":{"line":65,"column":11}},"34":{"start":{"line":68,"column":0},"end":{"line":68,"column":26}}},"fnMap":{"0":{"name":"(anonymous_0)","decl":{"start":{"line":8,"column":11},"end":{"line":8,"column":12}},"loc":{"start":{"line":8,"column":29},"end":{"line":10,"column":1}},"line":8},"1":{"name":"(anonymous_1)","decl":{"start":{"line":15,"column":48},"end":{"line":15,"column":49}},"loc":{"start":{"line":15,"column":99},"end":{"line":38,"column":5}},"line":15},"2":{"name":"(anonymous_2)","decl":{"start":{"line":41,"column":23},"end":{"line":41,"column":24}},"loc":{"start":{"line":41,"column":49},"end":{"line":43,"column":1}},"line":41},"3":{"name":"(anonymous_3)","decl":{"start":{"line":45,"column":25},"end":{"line":45,"column":26}},"loc":{"start":{"line":45,"column":61},"end":{"line":58,"column":1}},"line":45},"4":{"name":"(anonymous_4)","decl":{"start":{"line":60,"column":32},"end":{"line":60,"column":33}},"loc":{"start":{"line":60,"column":54},"end":{"line":66,"column":1}},"line":60}},"branchMap":{"0":{"loc":{"start":{"line":21,"column":12},"end":{"line":24,"column":13}},"type":"if","locations":[{"start":{"line":21,"column":12},"end":{"line":24,"column":13}},{"start":{},"end":{}}],"line":21},"1":{"loc":{"start":{"line":27,"column":12},"end":{"line":33,"column":13}},"type":"if","locations":[{"start":{"line":27,"column":12},"end":{"line":33,"column":13}},{"start":{"line":30,"column":17},"end":{"line":33,"column":13}}],"line":27},"2":{"loc":{"start":{"line":51,"column":8},"end":{"line":53,"column":9}},"type":"if","locations":[{"start":{"line":51,"column":8},"end":{"line":53,"column":9}},{"start":{},"end":{}}],"line":51},"3":{"loc":{"start":{"line":61,"column":4},"end":{"line":64,"column":5}},"type":"if","locations":[{"start":{"line":61,"column":4},"end":{"line":64,"column":5}},{"start":{},"end":{}}],"line":61}},"s":{"0":1,"1":1,"2":1,"3":1,"4":1,"5":1,"6":1,"7":1,"8":0,"9":0,"10":0,"11":0,"12":0,"13":0,"14":0,"15":0,"16":0,"17":0,"18":0,"19":0,"20":0,"21":1,"22":0,"23":1,"24":0,"25":0,"26":0,"27":0,"28":0,"29":0,"30":1,"31":0,"32":0,"33":0,"34":1},"f":{"0":1,"1":0,"2":0,"3":0,"4":0},"b":{"0":[0,0],"1":[0,0],"2":[0,0],"3":[0,0]},"_coverageSchema":"1a1c01bbd47fc00a2c39e90264f33305004495a9","hash":"7583d6eec121190e03f00038cda6107db6aa285a"}
,"/Users/angelostraight/Desktop/CS/CS484/group_project/assignment-2---final-project-repository-team1/config/sqllite3.js": {"path":"/Users/angelostraight/Desktop/CS/CS484/group_project/assignment-2---final-project-repository-team1/config/sqllite3.js","statementMap":{"0":{"start":{"line":1,"column":16},"end":{"line":1,"column":34}},"1":{"start":{"line":2,"column":15},"end":{"line":2,"column":33}},"2":{"start":{"line":4,"column":23},"end":{"line":9,"column":1}},"3":{"start":{"line":5,"column":2},"end":{"line":8,"column":4}},"4":{"start":{"line":11,"column":16},"end":{"line":27,"column":1}},"5":{"start":{"line":12,"column":11},"end":{"line":12,"column":35}},"6":{"start":{"line":13,"column":12},"end":{"line":17,"column":4}},"7":{"start":{"line":19,"column":2},"end":{"line":26,"column":5}},"8":{"start":{"line":20,"column":4},"end":{"line":25,"column":5}},"9":{"start":{"line":21,"column":6},"end":{"line":21,"column":58}},"10":{"start":{"line":24,"column":6},"end":{"line":24,"column":52}},"11":{"start":{"line":29,"column":0},"end":{"line":29,"column":14}},"12":{"start":{"line":31,"column":0},"end":{"line":31,"column":32}}},"fnMap":{"0":{"name":"(anonymous_0)","decl":{"start":{"line":4,"column":23},"end":{"line":4,"column":24}},"loc":{"start":{"line":4,"column":40},"end":{"line":9,"column":1}},"line":4},"1":{"name":"(anonymous_1)","decl":{"start":{"line":11,"column":16},"end":{"line":11,"column":17}},"loc":{"start":{"line":11,"column":32},"end":{"line":27,"column":1}},"line":11},"2":{"name":"(anonymous_2)","decl":{"start":{"line":19,"column":15},"end":{"line":19,"column":16}},"loc":{"start":{"line":19,"column":28},"end":{"line":26,"column":3}},"line":19}},"branchMap":{"0":{"loc":{"start":{"line":20,"column":4},"end":{"line":25,"column":5}},"type":"if","locations":[{"start":{"line":20,"column":4},"end":{"line":25,"column":5}},{"start":{"line":23,"column":8},"end":{"line":25,"column":5}}],"line":20}},"s":{"0":1,"1":1,"2":1,"3":3,"4":1,"5":1,"6":1,"7":1,"8":0,"9":0,"10":0,"11":1,"12":1},"f":{"0":3,"1":1,"2":0},"b":{"0":[0,0]},"_coverageSchema":"1a1c01bbd47fc00a2c39e90264f33305004495a9","hash":"44a45b6d5d35bf80bc639cacb1dfa79886ec46d0"}
,"/Users/angelostraight/Desktop/CS/CS484/group_project/assignment-2---final-project-repository-team1/controllers/user_controller.js": {"path":"/Users/angelostraight/Desktop/CS/CS484/group_project/assignment-2---final-project-repository-team1/controllers/user_controller.js","statementMap":{"0":{"start":{"line":2,"column":21},"end":{"line":2,"column":50}},"1":{"start":{"line":4,"column":15},"end":{"line":4,"column":32}},"2":{"start":{"line":7,"column":11},"end":{"line":9,"column":1}},"3":{"start":{"line":8,"column":4},"end":{"line":8,"column":34}},"4":{"start":{"line":11,"column":0},"end":{"line":11,"column":7}},"5":{"start":{"line":14,"column":0},"end":{"line":21,"column":1}},"6":{"start":{"line":15,"column":4},"end":{"line":18,"column":5}},"7":{"start":{"line":16,"column":8},"end":{"line":16,"column":41}},"8":{"start":{"line":17,"column":8},"end":{"line":17,"column":43}},"9":{"start":{"line":19,"column":4},"end":{"line":19,"column":33}},"10":{"start":{"line":24,"column":0},"end":{"line":30,"column":1}},"11":{"start":{"line":25,"column":4},"end":{"line":28,"column":5}},"12":{"start":{"line":26,"column":8},"end":{"line":26,"column":41}},"13":{"start":{"line":27,"column":8},"end":{"line":27,"column":43}},"14":{"start":{"line":29,"column":4},"end":{"line":29,"column":33}},"15":{"start":{"line":32,"column":0},"end":{"line":39,"column":1}},"16":{"start":{"line":33,"column":4},"end":{"line":36,"column":5}},"17":{"start":{"line":34,"column":8},"end":{"line":34,"column":41}},"18":{"start":{"line":35,"column":8},"end":{"line":35,"column":34}},"19":{"start":{"line":37,"column":4},"end":{"line":37,"column":46}},"20":{"start":{"line":38,"column":4},"end":{"line":38,"column":42}},"21":{"start":{"line":41,"column":0},"end":{"line":73,"column":1}},"22":{"start":{"line":42,"column":4},"end":{"line":71,"column":5}},"23":{"start":{"line":43,"column":8},"end":{"line":47,"column":9}},"24":{"start":{"line":44,"column":12},"end":{"line":44,"column":70}},"25":{"start":{"line":45,"column":12},"end":{"line":45,"column":56}},"26":{"start":{"line":46,"column":12},"end":{"line":46,"column":50}},"27":{"start":{"line":49,"column":18},"end":{"line":49,"column":65}},"28":{"start":{"line":51,"column":19},"end":{"line":51,"column":57}},"29":{"start":{"line":53,"column":8},"end":{"line":67,"column":9}},"30":{"start":{"line":54,"column":12},"end":{"line":54,"column":48}},"31":{"start":{"line":55,"column":12},"end":{"line":55,"column":54}},"32":{"start":{"line":56,"column":12},"end":{"line":56,"column":41}},"33":{"start":{"line":59,"column":32},"end":{"line":59,"column":92}},"34":{"start":{"line":61,"column":25},"end":{"line":61,"column":49}},"35":{"start":{"line":62,"column":38},"end":{"line":62,"column":80}},"36":{"start":{"line":63,"column":12},"end":{"line":63,"column":90}},"37":{"start":{"line":64,"column":12},"end":{"line":64,"column":40}},"38":{"start":{"line":65,"column":12},"end":{"line":65,"column":58}},"39":{"start":{"line":66,"column":12},"end":{"line":66,"column":50}},"40":{"start":{"line":70,"column":8},"end":{"line":70,"column":60}},"41":{"start":{"line":75,"column":0},"end":{"line":86,"column":1}},"42":{"start":{"line":76,"column":4},"end":{"line":85,"column":5}},"43":{"start":{"line":77,"column":8},"end":{"line":80,"column":9}},"44":{"start":{"line":78,"column":12},"end":{"line":78,"column":45}},"45":{"start":{"line":79,"column":12},"end":{"line":79,"column":47}},"46":{"start":{"line":81,"column":8},"end":{"line":81,"column":38}},"47":{"start":{"line":84,"column":8},"end":{"line":84,"column":59}},"48":{"start":{"line":89,"column":0},"end":{"line":93,"column":1}},"49":{"start":{"line":90,"column":4},"end":{"line":90,"column":17}},"50":{"start":{"line":91,"column":4},"end":{"line":91,"column":36}},"51":{"start":{"line":92,"column":4},"end":{"line":92,"column":29}}},"fnMap":{"0":{"name":"(anonymous_0)","decl":{"start":{"line":7,"column":11},"end":{"line":7,"column":12}},"loc":{"start":{"line":7,"column":27},"end":{"line":9,"column":1}},"line":7},"1":{"name":"(anonymous_1)","decl":{"start":{"line":14,"column":24},"end":{"line":14,"column":25}},"loc":{"start":{"line":14,"column":44},"end":{"line":21,"column":1}},"line":14},"2":{"name":"(anonymous_2)","decl":{"start":{"line":24,"column":24},"end":{"line":24,"column":25}},"loc":{"start":{"line":24,"column":44},"end":{"line":30,"column":1}},"line":24},"3":{"name":"(anonymous_3)","decl":{"start":{"line":32,"column":21},"end":{"line":32,"column":22}},"loc":{"start":{"line":32,"column":38},"end":{"line":39,"column":1}},"line":32},"4":{"name":"(anonymous_4)","decl":{"start":{"line":41,"column":28},"end":{"line":41,"column":29}},"loc":{"start":{"line":41,"column":54},"end":{"line":73,"column":1}},"line":41},"5":{"name":"(anonymous_5)","decl":{"start":{"line":75,"column":31},"end":{"line":75,"column":32}},"loc":{"start":{"line":75,"column":57},"end":{"line":86,"column":1}},"line":75},"6":{"name":"(anonymous_6)","decl":{"start":{"line":89,"column":30},"end":{"line":89,"column":31}},"loc":{"start":{"line":89,"column":47},"end":{"line":93,"column":1}},"line":89}},"branchMap":{"0":{"loc":{"start":{"line":15,"column":4},"end":{"line":18,"column":5}},"type":"if","locations":[{"start":{"line":15,"column":4},"end":{"line":18,"column":5}},{"start":{},"end":{}}],"line":15},"1":{"loc":{"start":{"line":25,"column":4},"end":{"line":28,"column":5}},"type":"if","locations":[{"start":{"line":25,"column":4},"end":{"line":28,"column":5}},{"start":{},"end":{}}],"line":25},"2":{"loc":{"start":{"line":33,"column":4},"end":{"line":36,"column":5}},"type":"if","locations":[{"start":{"line":33,"column":4},"end":{"line":36,"column":5}},{"start":{},"end":{}}],"line":33},"3":{"loc":{"start":{"line":43,"column":8},"end":{"line":47,"column":9}},"type":"if","locations":[{"start":{"line":43,"column":8},"end":{"line":47,"column":9}},{"start":{},"end":{}}],"line":43},"4":{"loc":{"start":{"line":53,"column":8},"end":{"line":67,"column":9}},"type":"if","locations":[{"start":{"line":53,"column":8},"end":{"line":67,"column":9}},{"start":{"line":58,"column":13},"end":{"line":67,"column":9}}],"line":53},"5":{"loc":{"start":{"line":77,"column":8},"end":{"line":80,"column":9}},"type":"if","locations":[{"start":{"line":77,"column":8},"end":{"line":80,"column":9}},{"start":{},"end":{}}],"line":77}},"s":{"0":1,"1":1,"2":1,"3":1,"4":1,"5":1,"6":0,"7":0,"8":0,"9":0,"10":1,"11":0,"12":0,"13":0,"14":0,"15":1,"16":0,"17":0,"18":0,"19":0,"20":0,"21":1,"22":0,"23":0,"24":0,"25":0,"26":0,"27":0,"28":0,"29":0,"30":0,"31":0,"32":0,"33":0,"34":0,"35":0,"36":0,"37":0,"38":0,"39":0,"40":0,"41":1,"42":0,"43":0,"44":0,"45":0,"46":0,"47":0,"48":1,"49":0,"50":0,"51":0},"f":{"0":1,"1":0,"2":0,"3":0,"4":0,"5":0,"6":0},"b":{"0":[0,0],"1":[0,0],"2":[0,0],"3":[0,0],"4":[0,0],"5":[0,0]},"_coverageSchema":"1a1c01bbd47fc00a2c39e90264f33305004495a9","hash":"f1ed65534de7f2a5c616638f7fa7e0a2762f653e"}
,"/Users/angelostraight/Desktop/CS/CS484/group_project/assignment-2---final-project-repository-team1/routes/default.js": {"path":"/Users/angelostraight/Desktop/CS/CS484/group_project/assignment-2---final-project-repository-team1/routes/default.js","statementMap":{"0":{"start":{"line":3,"column":4},"end":{"line":3,"column":29}},"1":{"start":{"line":7,"column":17},"end":{"line":7,"column":43}},"2":{"start":{"line":8,"column":4},"end":{"line":8,"column":31}}},"fnMap":{"0":{"name":"index","decl":{"start":{"line":2,"column":9},"end":{"line":2,"column":14}},"loc":{"start":{"line":2,"column":25},"end":{"line":4,"column":1}},"line":2},"1":{"name":"hello","decl":{"start":{"line":6,"column":9},"end":{"line":6,"column":14}},"loc":{"start":{"line":6,"column":25},"end":{"line":9,"column":1}},"line":6}},"branchMap":{"0":{"loc":{"start":{"line":7,"column":17},"end":{"line":7,"column":43}},"type":"binary-expr","locations":[{"start":{"line":7,"column":17},"end":{"line":7,"column":32}},{"start":{"line":7,"column":36},"end":{"line":7,"column":43}}],"line":7}},"s":{"0":1,"1":1,"2":1},"f":{"0":1,"1":1},"b":{"0":[1,0]},"_coverageSchema":"1a1c01bbd47fc00a2c39e90264f33305004495a9","hash":"583fdbe6903389d9405b42b5d4955fabba5da05b"}
,"/Users/angelostraight/Desktop/CS/CS484/group_project/assignment-2---final-project-repository-team1/routes/user.js": {"path":"/Users/angelostraight/Desktop/CS/CS484/group_project/assignment-2---final-project-repository-team1/routes/user.js","statementMap":{"0":{"start":{"line":1,"column":14},"end":{"line":1,"column":32}},"1":{"start":{"line":2,"column":13},"end":{"line":2,"column":29}},"2":{"start":{"line":3,"column":12},"end":{"line":3,"column":21}},"3":{"start":{"line":4,"column":15},"end":{"line":4,"column":44}},"4":{"start":{"line":5,"column":0},"end":{"line":5,"column":30}},"5":{"start":{"line":7,"column":21},"end":{"line":7,"column":62}},"6":{"start":{"line":8,"column":0},"end":{"line":8,"column":41}},"7":{"start":{"line":9,"column":0},"end":{"line":9,"column":46}},"8":{"start":{"line":10,"column":0},"end":{"line":10,"column":46}},"9":{"start":{"line":11,"column":0},"end":{"line":11,"column":50}},"10":{"start":{"line":12,"column":0},"end":{"line":12,"column":55}},"11":{"start":{"line":13,"column":0},"end":{"line":13,"column":132}},"12":{"start":{"line":14,"column":0},"end":{"line":14,"column":22}}},"fnMap":{},"branchMap":{},"s":{"0":1,"1":1,"2":1,"3":1,"4":1,"5":1,"6":1,"7":1,"8":1,"9":1,"10":1,"11":1,"12":1},"f":{},"b":{},"_coverageSchema":"1a1c01bbd47fc00a2c39e90264f33305004495a9","hash":"b11a7a08468ef1ba2d9deeb7699ff0934f02e550"}
}
