{"/Users/angelostraight/Desktop/CS/CS484/group_project/assignment-2---final-project-repository-team1/controllers/user_controller.js": {"path":"/Users/angelostraight/Desktop/CS/CS484/group_project/assignment-2---final-project-repository-team1/controllers/user_controller.js","statementMap":{"0":{"start":{"line":3,"column":11},"end":{"line":3,"column":24}},"1":{"start":{"line":6,"column":0},"end":{"line":10,"column":1}},"2":{"start":{"line":7,"column":4},"end":{"line":7,"column":32}},"3":{"start":{"line":8,"column":4},"end":{"line":8,"column":33}},"4":{"start":{"line":12,"column":0},"end":{"line":39,"column":1}},"5":{"start":{"line":13,"column":4},"end":{"line":17,"column":5}},"6":{"start":{"line":14,"column":8},"end":{"line":14,"column":50}},"7":{"start":{"line":15,"column":8},"end":{"line":15,"column":42}},"8":{"start":{"line":16,"column":8},"end":{"line":16,"column":37}},"9":{"start":{"line":19,"column":17},"end":{"line":19,"column":59}},"10":{"start":{"line":20,"column":16},"end":{"line":20,"column":35}},"11":{"start":{"line":22,"column":4},"end":{"line":22,"column":71}},"12":{"start":{"line":22,"column":35},"end":{"line":22,"column":68}},"13":{"start":{"line":24,"column":4},"end":{"line":38,"column":5}},"14":{"start":{"line":24,"column":27},"end":{"line":24,"column":60}},"15":{"start":{"line":26,"column":23},"end":{"line":26,"column":25}},"16":{"start":{"line":27,"column":8},"end":{"line":27,"column":46}},"17":{"start":{"line":28,"column":8},"end":{"line":28,"column":46}},"18":{"start":{"line":29,"column":8},"end":{"line":29,"column":40}},"19":{"start":{"line":30,"column":8},"end":{"line":30,"column":31}},"20":{"start":{"line":31,"column":19},"end":{"line":31,"column":40}},"21":{"start":{"line":32,"column":8},"end":{"line":32,"column":52}},"22":{"start":{"line":33,"column":8},"end":{"line":33,"column":37}},"23":{"start":{"line":36,"column":8},"end":{"line":36,"column":44}},"24":{"start":{"line":37,"column":8},"end":{"line":37,"column":37}},"25":{"start":{"line":41,"column":0},"end":{"line":54,"column":1}},"26":{"start":{"line":43,"column":17},"end":{"line":43,"column":59}},"27":{"start":{"line":44,"column":16},"end":{"line":44,"column":35}},"28":{"start":{"line":46,"column":4},"end":{"line":53,"column":5}},"29":{"start":{"line":46,"column":27},"end":{"line":46,"column":95}},"30":{"start":{"line":48,"column":8},"end":{"line":48,"column":34}},"31":{"start":{"line":51,"column":8},"end":{"line":51,"column":40}},"32":{"start":{"line":52,"column":8},"end":{"line":52,"column":37}},"33":{"start":{"line":57,"column":0},"end":{"line":59,"column":1}},"34":{"start":{"line":58,"column":4},"end":{"line":58,"column":33}}},"fnMap":{"0":{"name":"(anonymous_0)","decl":{"start":{"line":6,"column":22},"end":{"line":6,"column":23}},"loc":{"start":{"line":6,"column":39},"end":{"line":10,"column":1}},"line":6},"1":{"name":"(anonymous_1)","decl":{"start":{"line":12,"column":26},"end":{"line":12,"column":27}},"loc":{"start":{"line":12,"column":49},"end":{"line":39,"column":1}},"line":12},"2":{"name":"(anonymous_2)","decl":{"start":{"line":22,"column":27},"end":{"line":22,"column":28}},"loc":{"start":{"line":22,"column":35},"end":{"line":22,"column":68}},"line":22},"3":{"name":"(anonymous_3)","decl":{"start":{"line":24,"column":19},"end":{"line":24,"column":20}},"loc":{"start":{"line":24,"column":27},"end":{"line":24,"column":60}},"line":24},"4":{"name":"(anonymous_4)","decl":{"start":{"line":41,"column":25},"end":{"line":41,"column":26}},"loc":{"start":{"line":41,"column":48},"end":{"line":54,"column":1}},"line":41},"5":{"name":"(anonymous_5)","decl":{"start":{"line":46,"column":18},"end":{"line":46,"column":19}},"loc":{"start":{"line":46,"column":27},"end":{"line":46,"column":95}},"line":46},"6":{"name":"(anonymous_6)","decl":{"start":{"line":57,"column":22},"end":{"line":57,"column":23}},"loc":{"start":{"line":57,"column":39},"end":{"line":59,"column":1}},"line":57}},"branchMap":{"0":{"loc":{"start":{"line":13,"column":4},"end":{"line":17,"column":5}},"type":"if","locations":[{"start":{"line":13,"column":4},"end":{"line":17,"column":5}},{"start":{},"end":{}}],"line":13},"1":{"loc":{"start":{"line":24,"column":4},"end":{"line":38,"column":5}},"type":"if","locations":[{"start":{"line":24,"column":4},"end":{"line":38,"column":5}},{"start":{"line":35,"column":8},"end":{"line":38,"column":5}}],"line":24},"2":{"loc":{"start":{"line":46,"column":4},"end":{"line":53,"column":5}},"type":"if","locations":[{"start":{"line":46,"column":4},"end":{"line":53,"column":5}},{"start":{"line":50,"column":8},"end":{"line":53,"column":5}}],"line":46},"3":{"loc":{"start":{"line":46,"column":27},"end":{"line":46,"column":95}},"type":"binary-expr","locations":[{"start":{"line":46,"column":28},"end":{"line":46,"column":55}},{"start":{"line":46,"column":61},"end":{"line":46,"column":94}}],"line":46}},"s":{"0":1,"1":1,"2":0,"3":0,"4":1,"5":0,"6":0,"7":0,"8":0,"9":0,"10":0,"11":0,"12":0,"13":0,"14":0,"15":0,"16":0,"17":0,"18":0,"19":0,"20":0,"21":0,"22":0,"23":0,"24":0,"25":1,"26":0,"27":0,"28":0,"29":0,"30":0,"31":0,"32":0,"33":1,"34":0},"f":{"0":0,"1":0,"2":0,"3":0,"4":0,"5":0,"6":0},"b":{"0":[0,0],"1":[0,0],"2":[0,0],"3":[0,0]},"_coverageSchema":"1a1c01bbd47fc00a2c39e90264f33305004495a9","hash":"2601b57e6717e1981a9888ab0ad3ba6e85b4cee5"}
,"/Users/angelostraight/Desktop/CS/CS484/group_project/assignment-2---final-project-repository-team1/routes/default.js": {"path":"/Users/angelostraight/Desktop/CS/CS484/group_project/assignment-2---final-project-repository-team1/routes/default.js","statementMap":{"0":{"start":{"line":3,"column":4},"end":{"line":3,"column":29}},"1":{"start":{"line":7,"column":17},"end":{"line":7,"column":43}},"2":{"start":{"line":8,"column":4},"end":{"line":8,"column":31}}},"fnMap":{"0":{"name":"index","decl":{"start":{"line":2,"column":9},"end":{"line":2,"column":14}},"loc":{"start":{"line":2,"column":25},"end":{"line":4,"column":1}},"line":2},"1":{"name":"hello","decl":{"start":{"line":6,"column":9},"end":{"line":6,"column":14}},"loc":{"start":{"line":6,"column":25},"end":{"line":9,"column":1}},"line":6}},"branchMap":{"0":{"loc":{"start":{"line":7,"column":17},"end":{"line":7,"column":43}},"type":"binary-expr","locations":[{"start":{"line":7,"column":17},"end":{"line":7,"column":32}},{"start":{"line":7,"column":36},"end":{"line":7,"column":43}}],"line":7}},"s":{"0":1,"1":1,"2":1},"f":{"0":1,"1":1},"b":{"0":[1,0]},"_coverageSchema":"1a1c01bbd47fc00a2c39e90264f33305004495a9","hash":"583fdbe6903389d9405b42b5d4955fabba5da05b"}
,"/Users/angelostraight/Desktop/CS/CS484/group_project/assignment-2---final-project-repository-team1/routes/user.js": {"path":"/Users/angelostraight/Desktop/CS/CS484/group_project/assignment-2---final-project-repository-team1/routes/user.js","statementMap":{"0":{"start":{"line":1,"column":14},"end":{"line":1,"column":32}},"1":{"start":{"line":2,"column":13},"end":{"line":2,"column":29}},"2":{"start":{"line":3,"column":12},"end":{"line":3,"column":21}},"3":{"start":{"line":4,"column":0},"end":{"line":4,"column":30}},"4":{"start":{"line":6,"column":21},"end":{"line":6,"column":62}},"5":{"start":{"line":7,"column":0},"end":{"line":7,"column":46}},"6":{"start":{"line":8,"column":0},"end":{"line":8,"column":46}},"7":{"start":{"line":9,"column":0},"end":{"line":9,"column":50}},"8":{"start":{"line":10,"column":0},"end":{"line":10,"column":47}},"9":{"start":{"line":11,"column":0},"end":{"line":11,"column":22}}},"fnMap":{},"branchMap":{},"s":{"0":1,"1":1,"2":1,"3":1,"4":1,"5":1,"6":1,"7":1,"8":1,"9":1},"f":{},"b":{},"_coverageSchema":"1a1c01bbd47fc00a2c39e90264f33305004495a9","hash":"ee93dc391a3fcab637681e03e5af4d451c849557"}
}
